# JRE version: Java(TM) SE Runtime Environment (17.0.1+12) (build 17.0.1+12-LTS-39)
# Java VM: Java HotSpot(TM) 64-Bit Server VM (17.0.1+12-LTS-39, mixed mode, sharing, tiered, compressed oops, compressed class ptrs, g1 gc, windows-amd64)
GC Precious Log:
 CPUs: 4 total, 4 available
 Memory: 14257M
 Large Page Support: Disabled
 NUMA Support: Disabled
 Compressed Oops: Enabled (32-bit)
 Heap Region Size: 1M
 Heap Min Capacity: 8M
 Heap Initial Capacity: 224M
 Heap Max Capacity: 2G
 Pre-touch: Disabled
 Parallel Workers: 4
 Concurrent Workers: 1
 Concurrent Refinement Workers: 4
 Periodic GC: Disabled
Heap:
 garbage-first heap   total 142336K, used 105362K [0x0000000080000000, 0x0000000100000000)
  region size 1024K, 23 young (23552K), 4 survivors (4096K)
 Metaspace       used 80488K, committed 81408K, reserved 495616K
  class space    used 11410K, committed 11840K, reserved 421888K
GC Heap History (20 events):
Event: 22.190 GC heap before
{Heap before GC invocations=34 (full 0):
 garbage-first heap   total 126976K, used 93763K [0x0000000080000000, 0x0000000100000000)
  region size 1024K, 26 young (26624K), 4 survivors (4096K)
 Metaspace       used 69006K, committed 69696K, reserved 487424K
  class space    used 9770K, committed 10112K, reserved 421888K
}
Event: 22.193 GC heap after
{Heap after GC invocations=35 (full 0):
 garbage-first heap   total 126976K, used 71801K [0x0000000080000000, 0x0000000100000000)
  region size 1024K, 3 young (3072K), 3 survivors (3072K)
 Metaspace       used 69006K, committed 69696K, reserved 487424K
  class space    used 9770K, committed 10112K, reserved 421888K
}
Event: 23.001 GC heap before
{Heap before GC invocations=35 (full 0):
 garbage-first heap   total 126976K, used 101497K [0x0000000080000000, 0x0000000100000000)
  region size 1024K, 32 young (32768K), 3 survivors (3072K)
 Metaspace       used 70010K, committed 70720K, reserved 487424K
  class space    used 9913K, committed 10240K, reserved 421888K
}
Event: 23.005 GC heap after
{Heap after GC invocations=36 (full 0):
 garbage-first heap   total 126976K, used 74935K [0x0000000080000000, 0x0000000100000000)
  region size 1024K, 4 young (4096K), 4 survivors (4096K)
 Metaspace       used 70010K, committed 70720K, reserved 487424K
  class space    used 9913K, committed 10240K, reserved 421888K
}
Event: 24.270 GC heap before
{Heap before GC invocations=37 (full 0):
 garbage-first heap   total 130048K, used 101559K [0x0000000080000000, 0x0000000100000000)
  region size 1024K, 30 young (30720K), 4 survivors (4096K)
 Metaspace       used 70871K, committed 71680K, reserved 487424K
  class space    used 10034K, committed 10432K, reserved 421888K
}
Event: 24.276 GC heap after
{Heap after GC invocations=38 (full 0):
 garbage-first heap   total 130048K, used 77949K [0x0000000080000000, 0x0000000100000000)
  region size 1024K, 4 young (4096K), 4 survivors (4096K)
 Metaspace       used 70871K, committed 71680K, reserved 487424K
  class space    used 10034K, committed 10432K, reserved 421888K
}
Event: 24.306 GC heap before
{Heap before GC invocations=38 (full 0):
 garbage-first heap   total 130048K, used 79997K [0x0000000080000000, 0x0000000100000000)
  region size 1024K, 6 young (6144K), 4 survivors (4096K)
 Metaspace       used 70872K, committed 71680K, reserved 487424K
  class space    used 10034K, committed 10432K, reserved 421888K
}
Event: 24.310 GC heap after
{Heap after GC invocations=39 (full 0):
 garbage-first heap   total 130048K, used 77522K [0x0000000080000000, 0x0000000100000000)
  region size 1024K, 1 young (1024K), 1 survivors (1024K)
 Metaspace       used 70872K, committed 71680K, reserved 487424K
  class space    used 10034K, committed 10432K, reserved 421888K
}
Event: 25.338 GC heap before
{Heap before GC invocations=39 (full 0):
 garbage-first heap   total 130048K, used 105170K [0x0000000080000000, 0x0000000100000000)
  region size 1024K, 28 young (28672K), 1 survivors (1024K)
 Metaspace       used 72630K, committed 73408K, reserved 487424K
  class space    used 10289K, committed 10688K, reserved 421888K
}
Event: 25.342 GC heap after
{Heap after GC invocations=40 (full 0):
 garbage-first heap   total 130048K, used 79607K [0x0000000080000000, 0x0000000100000000)
  region size 1024K, 3 young (3072K), 3 survivors (3072K)
 Metaspace       used 72630K, committed 73408K, reserved 487424K
  class space    used 10289K, committed 10688K, reserved 421888K
}
Event: 26.351 GC heap before
{Heap before GC invocations=40 (full 0):
 garbage-first heap   total 130048K, used 106231K [0x0000000080000000, 0x0000000100000000)
  region size 1024K, 29 young (29696K), 3 survivors (3072K)
 Metaspace       used 74632K, committed 75456K, reserved 487424K
  class space    used 10572K, committed 10944K, reserved 421888K
}
Event: 26.356 GC heap after
{Heap after GC invocations=41 (full 0):
 garbage-first heap   total 130048K, used 81743K [0x0000000080000000, 0x0000000100000000)
  region size 1024K, 3 young (3072K), 3 survivors (3072K)
 Metaspace       used 74632K, committed 75456K, reserved 487424K
  class space    used 10572K, committed 10944K, reserved 421888K
}
Event: 28.763 GC heap before
{Heap before GC invocations=41 (full 0):
 garbage-first heap   total 130048K, used 105295K [0x0000000080000000, 0x0000000100000000)
  region size 1024K, 27 young (27648K), 3 survivors (3072K)
 Metaspace       used 76877K, committed 77760K, reserved 495616K
  class space    used 10966K, committed 11392K, reserved 421888K
}
Event: 28.769 GC heap after
{Heap after GC invocations=42 (full 0):
 garbage-first heap   total 130048K, used 83968K [0x0000000080000000, 0x0000000100000000)
  region size 1024K, 4 young (4096K), 4 survivors (4096K)
 Metaspace       used 76877K, committed 77760K, reserved 495616K
  class space    used 10966K, committed 11392K, reserved 421888K
}
Event: 29.386 GC heap before
{Heap before GC invocations=43 (full 0):
 garbage-first heap   total 142336K, used 106496K [0x0000000080000000, 0x0000000100000000)
  region size 1024K, 27 young (27648K), 4 survivors (4096K)
 Metaspace       used 78695K, committed 79552K, reserved 495616K
  class space    used 11166K, committed 11584K, reserved 421888K
}
Event: 29.392 GC heap after
{Heap after GC invocations=44 (full 0):
 garbage-first heap   total 142336K, used 85505K [0x0000000080000000, 0x0000000100000000)
  region size 1024K, 2 young (2048K), 2 survivors (2048K)
 Metaspace       used 78695K, committed 79552K, reserved 495616K
  class space    used 11166K, committed 11584K, reserved 421888K
}
Event: 29.477 GC heap before
{Heap before GC invocations=44 (full 0):
 garbage-first heap   total 142336K, used 89601K [0x0000000080000000, 0x0000000100000000)
  region size 1024K, 6 young (6144K), 2 survivors (2048K)
 Metaspace       used 78939K, committed 79744K, reserved 495616K
  class space    used 11198K, committed 11584K, reserved 421888K
}
Event: 29.480 GC heap after
{Heap after GC invocations=45 (full 0):
 garbage-first heap   total 142336K, used 84359K [0x0000000080000000, 0x0000000100000000)
  region size 1024K, 1 young (1024K), 1 survivors (1024K)
 Metaspace       used 78939K, committed 79744K, reserved 495616K
  class space    used 11198K, committed 11584K, reserved 421888K
}
Event: 30.992 GC heap before
{Heap before GC invocations=45 (full 0):
 garbage-first heap   total 142336K, used 116103K [0x0000000080000000, 0x0000000100000000)
  region size 1024K, 33 young (33792K), 1 survivors (1024K)
 Metaspace       used 80136K, committed 80960K, reserved 495616K
  class space    used 11358K, committed 11776K, reserved 421888K
}
Event: 30.997 GC heap after
{Heap after GC invocations=46 (full 0):
 garbage-first heap   total 142336K, used 87954K [0x0000000080000000, 0x0000000100000000)
  region size 1024K, 4 young (4096K), 4 survivors (4096K)
 Metaspace       used 80136K, committed 80960K, reserved 495616K
  class space    used 11358K, committed 11776K, reserved 421888K
}

